#
# A fatal error has been detected by the Java Runtime Environment:
#
#  EXCEPTION_ACCESS_VIOLATION (0xc0000005) at pc=0x686f74c7, pid=3944, tid=4056
#
# JRE version: Java(TM) SE Runtime Environment (7.0_51-b13) (build 1.7.0_51-b13)
# Java VM: Java HotSpot(TM) Client VM (24.51-b03 mixed mode, sharing windows-x86 )
# Problematic frame:
# C  [awt.dll+0x974c7]
#
# Failed to write core dump. Minidumps are not enabled by default on client versions of Windows
#
# If you would like to submit a bug report, please visit:
#   http://bugreport.sun.com/bugreport/crash.jsp
# The crash happened outside the Java Virtual Machine in native code.
# See problematic frame for where to report the bug.
#

---------------  T H R E A D  ---------------

Current thread (0x04d7c400):  JavaThread "AWT-EventQueue-0" [_thread_in_native, id=4056, stack(0x05450000,0x054a0000)]

siginfo: ExceptionCode=0xc0000005, reading address 0x00000004

Registers:
EAX=0x0000000d, EBX=0x04e08f00, ECX=0x00000000, EDX=0x00000000
ESP=0x0549dcc8, EBP=0x75184f70, ESI=0x00e946a8, EDI=0x57010b09
EIP=0x686f74c7, EFLAGS=0x00010293

Top of Stack: (sp=0x0549dcc8)
0x0549dcc8:   686c6b0f 57010b09 04e08f00 04d7c530
0x0549dcd8:   0549dd98 0549e294 686acb7f 04d7c530
0x0549dce8:   04e08f00 0549e294 686acb96 00000001
0x0549dcf8:   00000000 00000000 686c409c 04d7c530
0x0549dd08:   0549e294 04d7c400 3b127c00 3bbaff20
0x0549dd18:   c5acd66b fffffffe 0549dd38 06c95558
0x0549dd28:   0549e290 04d7c530 3b014b80 3ba17960
0x0549dd38:   0549dd70 027da9dd 00000000 027dac8f 

Instructions: (pc=0x686f74c7)
0x686f74a7:   00 00 c3 8b 41 04 8b 80 0c 0c 00 00 c3 8b 01 83
0x686f74b7:   78 04 08 7e 03 33 c0 c3 8b 49 04 e9 28 c1 fe ff
0x686f74c7:   8b 49 04 85 c9 74 05 e9 36 bf fe ff 33 c0 c2 04
0x686f74d7:   00 8b 49 04 85 c9 74 05 e9 4b bf fe ff c2 04 00 


Register to memory mapping:

EAX=0x0000000d is an unknown value
EBX=0x04e08f00 is an unknown value
ECX=0x00000000 is an unknown value
EDX=0x00000000 is an unknown value
ESP=0x0549dcc8 is pointing into the stack for thread: 0x04d7c400
EBP=0x75184f70 is an unknown value
ESI=0x00e946a8 is an unknown value
EDI=0x57010b09 is an unknown value


Stack: [0x05450000,0x054a0000],  sp=0x0549dcc8,  free space=311k
Native frames: (J=compiled Java code, j=interpreted, Vv=VM code, C=native code)
C  [awt.dll+0x974c7]

Java frames: (J=compiled Java code, j=interpreted, Vv=VM code)
j  sun.java2d.windows.GDIBlitLoops.nativeBlit(Lsun/java2d/SurfaceData;Lsun/java2d/SurfaceData;Lsun/java2d/pipe/Region;IIIIIIIIIZ)V+0
j  sun.java2d.windows.GDIBlitLoops.Blit(Lsun/java2d/SurfaceData;Lsun/java2d/SurfaceData;Ljava/awt/Composite;Lsun/java2d/pipe/Region;IIIIII)V+33
j  sun.java2d.pipe.DrawImage.blitSurfaceData(Lsun/java2d/SunGraphics2D;Lsun/java2d/pipe/Region;Lsun/java2d/SurfaceData;Lsun/java2d/SurfaceData;Lsun/java2d/loops/SurfaceType;Lsun/java2d/loops/SurfaceType;IIIIIILjava/awt/Color;)V+97
j  sun.java2d.pipe.DrawImage.renderImageCopy(Lsun/java2d/SunGraphics2D;Ljava/awt/Image;Ljava/awt/Color;IIIIII)Z+77
j  sun.java2d.pipe.DrawImage.copyImage(Lsun/java2d/SunGraphics2D;Ljava/awt/Image;IIIIIILjava/awt/Color;)Z+33
j  sun.java2d.pipe.DrawImage.copyImage(Lsun/java2d/SunGraphics2D;Ljava/awt/Image;IIIIIILjava/awt/Color;Ljava/awt/image/ImageObserver;)Z+23
j  sun.java2d.pipe.ValidatePipe.copyImage(Lsun/java2d/SunGraphics2D;Ljava/awt/Image;IIIIIILjava/awt/Color;Ljava/awt/image/ImageObserver;)Z+29
j  sun.java2d.SunGraphics2D.copyImage(Ljava/awt/Image;IIIIIILjava/awt/Color;Ljava/awt/image/ImageObserver;)Z+20
j  sun.java2d.SunGraphics2D.drawImage(Ljava/awt/Image;IIIIIIIILjava/awt/Color;Ljava/awt/image/ImageObserver;)Z+185
j  sun.java2d.SunGraphics2D.drawImage(Ljava/awt/Image;IIIIIIIILjava/awt/image/ImageObserver;)Z+19
j  java.awt.Component$BltBufferStrategy.showSubRegion(IIII)V+117
j  java.awt.Component$BltSubRegionBufferStrategy.show(IIII)V+6
j  javax.swing.BufferStrategyPaintManager.flushAccumulatedRegion()Z+48
j  javax.swing.BufferStrategyPaintManager.endPaint()V+84
j  javax.swing.RepaintManager.endPaint()V+47
j  javax.swing.JComponent.paint(Ljava/awt/Graphics;)V+226
j  java.awt.GraphicsCallback$PaintCallback.run(Ljava/awt/Component;Ljava/awt/Graphics;)V+2
j  sun.awt.SunGraphicsCallback.runOneComponent(Ljava/awt/Component;Ljava/awt/Rectangle;Ljava/awt/Graphics;Ljava/awt/Shape;I)V+155
j  sun.awt.SunGraphicsCallback.runComponents([Ljava/awt/Component;Ljava/awt/Graphics;I)V+194
j  java.awt.Container.paint(Ljava/awt/Graphics;)V+58
j  java.awt.Window.paint(Ljava/awt/Graphics;)V+68
j  javax.swing.RepaintManager$3.run()Ljava/lang/Void;+136
j  javax.swing.RepaintManager$3.run()Ljava/lang/Object;+1
v  ~StubRoutines::call_stub
J  java.security.AccessController.doPrivileged(Ljava/security/PrivilegedAction;Ljava/security/AccessControlContext;)Ljava/lang/Object;
J  java.security.ProtectionDomain$1.doIntersectionPrivilege(Ljava/security/PrivilegedAction;Ljava/security/AccessControlContext;Ljava/security/AccessControlContext;)Ljava/lang/Object;
j  javax.swing.RepaintManager.paintDirtyRegions(Ljava/util/Map;)V+154
j  javax.swing.RepaintManager.paintDirtyRegions()V+46
j  javax.swing.RepaintManager.prePaintDirtyRegions()V+73
j  javax.swing.RepaintManager.access$1100(Ljavax/swing/RepaintManager;)V+1
j  javax.swing.RepaintManager$ProcessingRunnable.run()V+37
j  java.awt.event.InvocationEvent.dispatch()V+47
J  java.awt.EventQueue.dispatchEventImpl(Ljava/awt/AWTEvent;Ljava/lang/Object;)V
J  java.awt.EventQueue$3.run()Ljava/lang/Object;
v  ~StubRoutines::call_stub
J  java.security.AccessController.doPrivileged(Ljava/security/PrivilegedAction;Ljava/security/AccessControlContext;)Ljava/lang/Object;
J  java.awt.EventQueue.dispatchEvent(Ljava/awt/AWTEvent;)V
J  java.awt.EventDispatchThread.pumpOneEventForFilters(I)V
j  java.awt.EventDispatchThread.pumpEventsForFilter(ILjava/awt/Conditional;Ljava/awt/EventFilter;)V+35
j  java.awt.EventDispatchThread.pumpEventsForHierarchy(ILjava/awt/Conditional;Ljava/awt/Component;)V+11
j  java.awt.EventDispatchThread.pumpEvents(ILjava/awt/Conditional;)V+4
j  java.awt.EventDispatchThread.pumpEvents(Ljava/awt/Conditional;)V+3
j  java.awt.EventDispatchThread.run()V+9
v  ~StubRoutines::call_stub

---------------  P R O C E S S  ---------------

Java Threads: ( => current thread )
  0x004cc400 JavaThread "DestroyJavaVM" [_thread_blocked, id=2480, stack(0x01010000,0x01060000)]
=>0x04d7c400 JavaThread "AWT-EventQueue-0" [_thread_in_native, id=4056, stack(0x05450000,0x054a0000)]
  0x00eee800 JavaThread "AWT-Windows" daemon [_thread_in_native, id=1992, stack(0x05220000,0x05270000)]
  0x04d42800 JavaThread "AWT-Shutdown" [_thread_blocked, id=3636, stack(0x05010000,0x05060000)]
  0x00eee000 JavaThread "Java2D Disposer" daemon [_thread_blocked, id=3856, stack(0x04fb0000,0x05000000)]
  0x00ea6c00 JavaThread "Service Thread" daemon [_thread_blocked, id=752, stack(0x04c20000,0x04c70000)]
  0x00ea1c00 JavaThread "C1 CompilerThread0" daemon [_thread_blocked, id=3840, stack(0x04a40000,0x04a90000)]
  0x00ea0800 JavaThread "Attach Listener" daemon [_thread_blocked, id=3804, stack(0x01330000,0x01380000)]
  0x00e9f800 JavaThread "Signal Dispatcher" daemon [_thread_blocked, id=800, stack(0x04850000,0x048a0000)]
  0x00e2f800 JavaThread "Finalizer" daemon [_thread_blocked, id=3892, stack(0x048e0000,0x04930000)]
  0x00e2e000 JavaThread "Reference Handler" daemon [_thread_blocked, id=3184, stack(0x010c0000,0x01110000)]

Other Threads:
  0x00e2c800 VMThread [stack: 0x012b0000,0x01300000] [id=3088]
  0x00eb8c00 WatcherThread [stack: 0x04940000,0x04990000] [id=3908]

VM state:not at safepoint (normal execution)

VM Mutex/Monitor currently owned by a thread: None

Heap
 def new generation   total 8384K, used 4632K [0x27010000, 0x27920000, 0x2c560000)
  eden space 7488K,  61% used [0x27010000, 0x274963e0, 0x27760000)
  from space 896K,   0% used [0x27760000, 0x27760000, 0x27840000)
  to   space 896K,   0% used [0x27840000, 0x27840000, 0x27920000)
 tenured generation   total 18452K, used 9950K [0x2c560000, 0x2d765000, 0x37010000)
   the space 18452K,  53% used [0x2c560000, 0x2cf17968, 0x2cf17a00, 0x2d765000)
 compacting perm gen  total 12288K, used 3360K [0x37010000, 0x37c10000, 0x3b010000)
   the space 12288K,  27% used [0x37010000, 0x37358238, 0x37358400, 0x37c10000)
    ro space 10240K,  41% used [0x3b010000, 0x3b442050, 0x3b442200, 0x3ba10000)
    rw space 12288K,  52% used [0x3ba10000, 0x3c056800, 0x3c056800, 0x3c610000)

Card table byte_map: [0x00ef0000,0x00fa0000] byte_map_base: 0x00db7f80

Polling page: 0x00200000

Code Cache  [0x027d0000, 0x02988000, 0x047d0000)
 total_blobs=906 nmethods=681 adapters=161 free_code_cache=31027Kb largest_free_block=31772288

Compilation events (10 events):
Event: 165.627 Thread 0x00ea1c00  677   !         java.awt.EventQueue::wakeup (79 bytes)
Event: 165.627 Thread 0x00ea1c00 nmethod 677 0x02981c08 code [0x02981d80, 0x02981fe0]
Event: 165.642 Thread 0x00ea1c00  678             java.awt.EventQueue$3::run (5 bytes)
Event: 165.642 Thread 0x00ea1c00 nmethod 678 0x02982308 code [0x02982410, 0x029824bc]
Event: 165.642 Thread 0x00ea1c00  679             java.awt.EventQueue$3::run (17 bytes)
Event: 165.642 Thread 0x00ea1c00 nmethod 679 0x02982588 code [0x02982690, 0x0298273c]
Event: 165.650 Thread 0x00ea1c00  680             java.awt.EventQueue::cacheEQItem (71 bytes)
Event: 165.651 Thread 0x00ea1c00 nmethod 680 0x02982808 code [0x02982920, 0x02982b9c]
Event: 165.651 Thread 0x00ea1c00  681             java.awt.EventQueue::uncacheEQItem (53 bytes)
Event: 165.651 Thread 0x00ea1c00 nmethod 681 0x02982d88 code [0x02982ea0, 0x02982ffc]

GC Heap History (10 events):
Event: 0.459 GC heap before
{Heap before GC invocations=2 (full 0):
 def new generation   total 4928K, used 4928K [0x27010000, 0x27560000, 0x2c560000)
  eden space 4416K, 100% used [0x27010000, 0x27460000, 0x27460000)
  from space 512K, 100% used [0x27460000, 0x274e0000, 0x274e0000)
  to   space 512K,   0% used [0x274e0000, 0x274e0000, 0x27560000)
 tenured generation   total 10944K, used 9624K [0x2c560000, 0x2d010000, 0x37010000)
   the space 10944K,  87% used [0x2c560000, 0x2cec6368, 0x2cec6400, 0x2d010000)
 compacting perm gen  total 12288K, used 2261K [0x37010000, 0x37c10000, 0x3b010000)
   the space 12288K,  18% used [0x37010000, 0x372457d0, 0x37245800, 0x37c10000)
    ro space 10240K,  41% used [0x3b010000, 0x3b442050, 0x3b442200, 0x3ba10000)
    rw space 12288K,  52% used [0x3ba10000, 0x3c056800, 0x3c056800, 0x3c610000)
Event: 0.463 GC heap after
Heap after GC invocations=3 (full 0):
 def new generation   total 4928K, used 511K [0x27010000, 0x27560000, 0x2c560000)
  eden space 4416K,   0% used [0x27010000, 0x27010000, 0x27460000)
  from space 512K,  99% used [0x274e0000, 0x2755fff8, 0x27560000)
  to   space 512K,   0% used [0x27460000, 0x27460000, 0x274e0000)
 tenured generation   total 10944K, used 10428K [0x2c560000, 0x2d010000, 0x37010000)
   the space 10944K,  95% used [0x2c560000, 0x2cf8f098, 0x2cf8f200, 0x2d010000)
 compacting perm gen  total 12288K, used 2261K [0x37010000, 0x37c10000, 0x3b010000)
   the space 12288K,  18% used [0x37010000, 0x372457d0, 0x37245800, 0x37c10000)
    ro space 10240K,  41% used [0x3b010000, 0x3b442050, 0x3b442200, 0x3ba10000)
    rw space 12288K,  52% used [0x3ba10000, 0x3c056800, 0x3c056800, 0x3c610000)
}
Event: 8.558 GC heap before
{Heap before GC invocations=3 (full 0):
 def new generation   total 4928K, used 4899K [0x27010000, 0x27560000, 0x2c560000)
  eden space 4416K,  99% used [0x27010000, 0x27458ce8, 0x27460000)
  from space 512K,  99% used [0x274e0000, 0x2755fff8, 0x27560000)
  to   space 512K,   0% used [0x27460000, 0x27460000, 0x274e0000)
 tenured generation   total 10944K, used 10428K [0x2c560000, 0x2d010000, 0x37010000)
   the space 10944K,  95% used [0x2c560000, 0x2cf8f098, 0x2cf8f200, 0x2d010000)
 compacting perm gen  total 12288K, used 3312K [0x37010000, 0x37c10000, 0x3b010000)
   the space 12288K,  26% used [0x37010000, 0x3734c250, 0x3734c400, 0x37c10000)
    ro space 10240K,  41% used [0x3b010000, 0x3b442050, 0x3b442200, 0x3ba10000)
    rw space 12288K,  52% used [0x3ba10000, 0x3c056800, 0x3c056800, 0x3c610000)
Event: 8.561 GC heap after
Heap after GC invocations=4 (full 0):
 def new generation   total 4928K, used 512K [0x27010000, 0x27560000, 0x2c560000)
  eden space 4416K,   0% used [0x27010000, 0x27010000, 0x27460000)
  from space 512K, 100% used [0x27460000, 0x274e0000, 0x274e0000)
  to   space 512K,   0% used [0x274e0000, 0x274e0000, 0x27560000)
 tenured generation   total 10944K, used 10918K [0x2c560000, 0x2d010000, 0x37010000)
   the space 10944K,  99% used [0x2c560000, 0x2d009b90, 0x2d009c00, 0x2d010000)
 compacting perm gen  total 12288K, used 3312K [0x37010000, 0x37c10000, 0x3b010000)
   the space 12288K,  26% used [0x37010000, 0x3734c250, 0x3734c400, 0x37c10000)
    ro space 10240K,  41% used [0x3b010000, 0x3b442050, 0x3b442200, 0x3ba10000)
    rw space 12288K,  52% used [0x3ba10000, 0x3c056800, 0x3c056800, 0x3c610000)
}
Event: 15.738 GC heap before
{Heap before GC invocations=4 (full 0):
 def new generation   total 4928K, used 4928K [0x27010000, 0x27560000, 0x2c560000)
  eden space 4416K, 100% used [0x27010000, 0x27460000, 0x27460000)
  from space 512K, 100% used [0x27460000, 0x274e0000, 0x274e0000)
  to   space 512K,   0% used [0x274e0000, 0x274e0000, 0x27560000)
 tenured generation   total 10944K, used 10918K [0x2c560000, 0x2d010000, 0x37010000)
   the space 10944K,  99% used [0x2c560000, 0x2d009b90, 0x2d009c00, 0x2d010000)
 compacting perm gen  total 12288K, used 3321K [0x37010000, 0x37c10000, 0x3b010000)
   the space 12288K,  27% used [0x37010000, 0x3734e608, 0x3734e800, 0x37c10000)
    ro space 10240K,  41% used [0x3b010000, 0x3b442050, 0x3b442200, 0x3ba10000)
    rw space 12288K,  52% used [0x3ba10000, 0x3c056800, 0x3c056800, 0x3c610000)
Event: 15.762 GC heap after
Heap after GC invocations=5 (full 1):
 def new generation   total 8384K, used 0K [0x27010000, 0x27920000, 0x2c560000)
  eden space 7488K,   0% used [0x27010000, 0x27010000, 0x27760000)
  from space 896K,   0% used [0x27760000, 0x27760000, 0x27840000)
  to   space 896K,   0% used [0x27840000, 0x27840000, 0x27920000)
 tenured generation   total 18452K, used 11068K [0x2c560000, 0x2d765000, 0x37010000)
   the space 18452K,  59% used [0x2c560000, 0x2d02f338, 0x2d02f400, 0x2d765000)
 compacting perm gen  total 12288K, used 3321K [0x37010000, 0x37c10000, 0x3b010000)
   the space 12288K,  27% used [0x37010000, 0x3734e608, 0x3734e800, 0x37c10000)
    ro space 10240K,  41% used [0x3b010000, 0x3b442050, 0x3b442200, 0x3ba10000)
    rw space 12288K,  52% used [0x3ba10000, 0x3c056800, 0x3c056800, 0x3c610000)
}
Event: 23.297 GC heap before
{Heap before GC invocations=5 (full 1):
 def new generation   total 8384K, used 7488K [0x27010000, 0x27920000, 0x2c560000)
  eden space 7488K, 100% used [0x27010000, 0x27760000, 0x27760000)
  from space 896K,   0% used [0x27760000, 0x27760000, 0x27840000)
  to   space 896K,   0% used [0x27840000, 0x27840000, 0x27920000)
 tenured generation   total 18452K, used 11068K [0x2c560000, 0x2d765000, 0x37010000)
   the space 18452K,  59% used [0x2c560000, 0x2d02f338, 0x2d02f400, 0x2d765000)
 compacting perm gen  total 12288K, used 3323K [0x37010000, 0x37c10000, 0x3b010000)
   the space 12288K,  27% used [0x37010000, 0x3734ef70, 0x3734f000, 0x37c10000)
    ro space 10240K,  41% used [0x3b010000, 0x3b442050, 0x3b442200, 0x3ba10000)
    rw space 12288K,  52% used [0x3ba10000, 0x3c056800, 0x3c056800, 0x3c610000)
Event: 23.300 GC heap after
Heap after GC invocations=6 (full 1):
 def new generation   total 8384K, used 896K [0x27010000, 0x27920000, 0x2c560000)
  eden space 7488K,   0% used [0x27010000, 0x27010000, 0x27760000)
  from space 896K, 100% used [0x27840000, 0x27920000, 0x27920000)
  to   space 896K,   0% used [0x27760000, 0x27760000, 0x27840000)
 tenured generation   total 18452K, used 11198K [0x2c560000, 0x2d765000, 0x37010000)
   the space 18452K,  60% used [0x2c560000, 0x2d04f810, 0x2d04fa00, 0x2d765000)
 compacting perm gen  total 12288K, used 3323K [0x37010000, 0x37c10000, 0x3b010000)
   the space 12288K,  27% used [0x37010000, 0x3734ef70, 0x3734f000, 0x37c10000)
    ro space 10240K,  41% used [0x3b010000, 0x3b442050, 0x3b442200, 0x3ba10000)
    rw space 12288K,  52% used [0x3ba10000, 0x3c056800, 0x3c056800, 0x3c610000)
}
Event: 53.054 GC heap before
{Heap before GC invocations=6 (full 1):
 def new generation   total 8384K, used 5650K [0x27010000, 0x27920000, 0x2c560000)
  eden space 7488K,  63% used [0x27010000, 0x274b4b08, 0x27760000)
  from space 896K, 100% used [0x27840000, 0x27920000, 0x27920000)
  to   space 896K,   0% used [0x27760000, 0x27760000, 0x27840000)
 tenured generation   total 18452K, used 11198K [0x2c560000, 0x2d765000, 0x37010000)
   the space 18452K,  60% used [0x2c560000, 0x2d04f810, 0x2d04fa00, 0x2d765000)
 compacting perm gen  total 12288K, used 3359K [0x37010000, 0x37c10000, 0x3b010000)
   the space 12288K,  27% used [0x37010000, 0x37357e50, 0x37358000, 0x37c10000)
    ro space 10240K,  41% used [0x3b010000, 0x3b442050, 0x3b442200, 0x3ba10000)
    rw space 12288K,  52% used [0x3ba10000, 0x3c056800, 0x3c056800, 0x3c610000)
Event: 53.101 GC heap after
Heap after GC invocations=7 (full 2):
 def new generation   total 8384K, used 0K [0x27010000, 0x27920000, 0x2c560000)
  eden space 7488K,   0% used [0x27010000, 0x27010000, 0x27760000)
  from space 896K,   0% used [0x27760000, 0x27760000, 0x27840000)
  to   space 896K,   0% used [0x27840000, 0x27840000, 0x27920000)
 tenured generation   total 18452K, used 2371K [0x2c560000, 0x2d765000, 0x37010000)
   the space 18452K,  12% used [0x2c560000, 0x2c7b0c90, 0x2c7b0e00, 0x2d765000)
 compacting perm gen  total 12288K, used 3359K [0x37010000, 0x37c10000, 0x3b010000)
   the space 12288K,  27% used [0x37010000, 0x37357e50, 0x37358000, 0x37c10000)
    ro space 10240K,  41% used [0x3b010000, 0x3b442050, 0x3b442200, 0x3ba10000)
    rw space 12288K,  52% used [0x3ba10000, 0x3c056800, 0x3c056800, 0x3c610000)
}

Deoptimization events (0 events):
No events

Internal exceptions (10 events):
Event: 4.688 Thread 0x004cc400 Threw 0x2720fd38 at C:\re\jdk7u51\527\hotspot\src\share\vm\prims\jvm.cpp:1244
Event: 4.688 Thread 0x004cc400 Threw 0x27219290 at C:\re\jdk7u51\527\hotspot\src\share\vm\prims\jvm.cpp:1244
Event: 4.688 Thread 0x004cc400 Threw 0x2721c7f0 at C:\re\jdk7u51\527\hotspot\src\share\vm\prims\jvm.cpp:1244
Event: 4.689 Thread 0x004cc400 Threw 0x27220ef0 at C:\re\jdk7u51\527\hotspot\src\share\vm\prims\jvm.cpp:1244
Event: 4.689 Thread 0x004cc400 Threw 0x27224a30 at C:\re\jdk7u51\527\hotspot\src\share\vm\prims\jvm.cpp:1244
Event: 4.689 Thread 0x004cc400 Threw 0x2722a8a8 at C:\re\jdk7u51\527\hotspot\src\share\vm\prims\jvm.cpp:1244
Event: 4.690 Thread 0x004cc400 Threw 0x2722d858 at C:\re\jdk7u51\527\hotspot\src\share\vm\prims\jvm.cpp:1244
Event: 4.691 Thread 0x004cc400 Threw 0x27232600 at C:\re\jdk7u51\527\hotspot\src\share\vm\prims\jvm.cpp:1244
Event: 5.508 Thread 0x004cc400 Threw 0x272a45c8 at C:\re\jdk7u51\527\hotspot\src\share\vm\prims\jvm.cpp:1244
Event: 5.512 Thread 0x004cc400 Threw 0x272a8408 at C:\re\jdk7u51\527\hotspot\src\share\vm\prims\jvm.cpp:1244

Events (10 events):
Event: 52.996 loading class 0x3c67f750
Event: 52.997 loading class 0x3c67f750 done
Event: 52.997 loading class 0x3c67f720
Event: 52.997 loading class 0x3c67f780
Event: 52.997 loading class 0x3c67f780 done
Event: 52.997 loading class 0x3c67f720 done
Event: 53.054 Executing VM operation: GenCollectForAllocation
Event: 53.102 Executing VM operation: GenCollectForAllocation done
Event: 53.561 loading class 0x3c683b30
Event: 53.561 loading class 0x3c683b30 done


Dynamic libraries:
0x013a0000 - 0x013cf000 	C:\Program Files (x86)\Java\jre7\bin\javaw.exe
0x771e0000 - 0x77360000 	C:\windows\SysWOW64\ntdll.dll
0x75830000 - 0x75940000 	C:\windows\syswow64\kernel32.dll
0x75bb0000 - 0x75bf7000 	C:\windows\syswow64\KERNELBASE.dll
0x756a0000 - 0x75740000 	C:\windows\syswow64\ADVAPI32.dll
0x74ca0000 - 0x74d4c000 	C:\windows\syswow64\msvcrt.dll
0x75150000 - 0x75169000 	C:\windows\SysWOW64\sechost.dll
0x75740000 - 0x75830000 	C:\windows\syswow64\RPCRT4.dll
0x74c40000 - 0x74ca0000 	C:\windows\syswow64\SspiCli.dll
0x74c30000 - 0x74c3c000 	C:\windows\syswow64\CRYPTBASE.dll
0x75400000 - 0x75500000 	C:\windows\syswow64\USER32.dll
0x75170000 - 0x75200000 	C:\windows\syswow64\GDI32.dll
0x75040000 - 0x7504a000 	C:\windows\syswow64\LPK.dll
0x74de0000 - 0x74e7d000 	C:\windows\syswow64\USP10.dll
0x72e50000 - 0x72fee000 	C:\windows\WinSxS\x86_microsoft.windows.common-controls_6595b64144ccf1df_6.0.7601.17514_none_41e6975e2bd6f2b2\COMCTL32.dll
0x75df0000 - 0x75e47000 	C:\windows\syswow64\SHLWAPI.dll
0x75c00000 - 0x75c60000 	C:\windows\system32\IMM32.DLL
0x755d0000 - 0x7569c000 	C:\windows\syswow64\MSCTF.dll
0x72ba0000 - 0x72bd3000 	C:\windows\SysWOW64\nvinit.dll
0x0f000000 - 0x0f006000 	C:\Program Files (x86)\NVIDIA Corporation\CoProcManager\_etoured.dll
0x72b60000 - 0x72b9c000 	C:\Program Files (x86)\NVIDIA Corporation\CoProcManager\nvd3d9wrap.dll
0x75940000 - 0x75add000 	C:\windows\syswow64\SETUPAPI.dll
0x75590000 - 0x755b7000 	C:\windows\syswow64\CFGMGR32.dll
0x750b0000 - 0x7513f000 	C:\windows\syswow64\OLEAUT32.dll
0x74e80000 - 0x74fdc000 	C:\windows\syswow64\ole32.dll
0x75db0000 - 0x75dc2000 	C:\windows\syswow64\DEVOBJ.dll
0x72b20000 - 0x72b5b000 	C:\Program Files (x86)\NVIDIA Corporation\CoProcManager\nvdxgiwrap.dll
0x687b0000 - 0x6886f000 	C:\Program Files (x86)\Java\jre7\bin\msvcr100.dll
0x69fe0000 - 0x6a360000 	C:\Program Files (x86)\Java\jre7\bin\client\jvm.dll
0x6a760000 - 0x6a767000 	C:\windows\system32\WSOCK32.dll
0x75b70000 - 0x75ba5000 	C:\windows\syswow64\WS2_32.dll
0x75050000 - 0x75056000 	C:\windows\syswow64\NSI.dll
0x72c40000 - 0x72c72000 	C:\windows\system32\WINMM.dll
0x75060000 - 0x75065000 	C:\windows\syswow64\PSAPI.DLL
0x6a770000 - 0x6a77c000 	C:\Program Files (x86)\Java\jre7\bin\verify.dll
0x6a600000 - 0x6a620000 	C:\Program Files (x86)\Java\jre7\bin\java.dll
0x6a5e0000 - 0x6a5f3000 	C:\Program Files (x86)\Java\jre7\bin\zip.dll
0x68660000 - 0x687a3000 	C:\Program Files (x86)\Java\jre7\bin\awt.dll
0x72820000 - 0x728a0000 	C:\windows\system32\uxtheme.dll
0x72800000 - 0x72813000 	C:\windows\system32\dwmapi.dll
0x76070000 - 0x76cba000 	C:\windows\syswow64\SHELL32.dll
0x69c00000 - 0x69c39000 	C:\Program Files (x86)\Java\jre7\bin\fontmanager.dll
0x6a5c0000 - 0x6a5d4000 	C:\Program Files (x86)\Java\jre7\bin\net.dll
0x6a580000 - 0x6a5bc000 	C:\windows\system32\mswsock.dll
0x6a570000 - 0x6a576000 	C:\windows\System32\wship6.dll
0x6a3d0000 - 0x6a3df000 	C:\Program Files (x86)\Java\jre7\bin\nio.dll
0x69ef0000 - 0x69f10000 	C:\Program Files (x86)\Java\jre7\bin\sunec.dll
0x6e080000 - 0x6e089000 	C:\Program Files (x86)\Java\jre7\bin\sunmscapi.dll
0x76cc0000 - 0x76de0000 	C:\windows\syswow64\CRYPT32.dll
0x75de0000 - 0x75dec000 	C:\windows\syswow64\MSASN1.dll
0x746b0000 - 0x746c6000 	C:\windows\system32\CRYPTSP.dll
0x74670000 - 0x746ab000 	C:\windows\system32\rsaenh.dll
0x72460000 - 0x72477000 	C:\windows\system32\USERENV.dll
0x728a0000 - 0x728ab000 	C:\windows\system32\profapi.dll
0x6a750000 - 0x6a760000 	C:\windows\system32\NLAapi.dll
0x6a560000 - 0x6a570000 	C:\windows\system32\napinsp.dll
0x6a540000 - 0x6a552000 	C:\windows\system32\pnrpnsp.dll
0x6a4f0000 - 0x6a534000 	C:\windows\system32\DNSAPI.dll
0x6a4e0000 - 0x6a4e8000 	C:\windows\System32\winrnr.dll
0x6a4d0000 - 0x6a4dd000 	C:\windows\system32\wshbth.dll
0x6a4a0000 - 0x6a4c7000 	C:\Program Files (x86)\Common Files\Microsoft Shared\Windows Live\WLIDNSP.DLL
0x6a470000 - 0x6a491000 	C:\Program Files (x86)\Bonjour\mdnsNSP.dll
0x6a450000 - 0x6a46c000 	C:\windows\system32\Iphlpapi.DLL
0x6a440000 - 0x6a447000 	C:\windows\system32\WINNSI.DLL
0x6a430000 - 0x6a435000 	C:\windows\System32\wshtcpip.dll
0x6a420000 - 0x6a426000 	C:\windows\system32\rasadhlp.dll
0x6a3e0000 - 0x6a418000 	C:\windows\System32\fwpuclnt.dll
0x69c50000 - 0x69c80000 	C:\Program Files (x86)\Java\jre7\bin\t2k.dll
0x6e050000 - 0x6e074000 	C:\Program Files (x86)\Java\jre7\bin\dcpr.dll
0x6a980000 - 0x6aa6b000 	C:\windows\system32\dbghelp.dll

VM Arguments:
jvm_args: -Dfile.encoding=Cp1252 
java_command: se.mah.k3.pfi2.project.kronox.Parser
Launcher Type: SUN_STANDARD

Environment Variables:
CLASSPATH=.;C:\Program Files (x86)\QuickTime\QTSystem\QTJava.zip
PATH=C:/Program Files (x86)/Java/jre7/bin/client;C:/Program Files (x86)/Java/jre7/bin;C:/Program Files (x86)/Java/jre7/lib/i386;C:\Program Files\Common Files\Microsoft Shared\Windows Live;C:\Program Files (x86)\Common Files\Microsoft Shared\Windows Live;C:\Program Files (x86)\NVIDIA Corporation\PhysX\Common;C:\windows\system32;C:\windows;C:\windows\System32\Wbem;C:\windows\System32\WindowsPowerShell\v1.0\;C:\Program Files\Intel\WiFi\bin\;C:\Program Files\Common Files\Intel\WirelessCommon\;C:\Program Files (x86)\Windows Live\Shared;C:\Program Files (x86)\QuickTime\QTSystem\;C:\Program Files (x86)\Autodesk\Backburner\;C:\Program Files (x86)\Common Files\Autodesk Shared\;C:\Program Files\Common Files\Autodesk Shared\;C:\Users\Alrik\Desktop\eclipse;
USERNAME=Alrik
OS=Windows_NT
PROCESSOR_IDENTIFIER=Intel64 Family 6 Model 42 Stepping 7, GenuineIntel



---------------  S Y S T E M  ---------------

OS: Windows 7 , 64 bit Build 7601 Service Pack 1

CPU:total 4 (2 cores per cpu, 2 threads per core) family 6 model 42 stepping 7, cmov, cx8, fxsr, mmx, sse, sse2, sse3, ssse3, sse4.1, sse4.2, popcnt, avx, aes, ht, tsc, tscinvbit

Memory: 4k page, physical 4099480k(2529844k free), swap 8197096k(6578220k free)

vm_info: Java HotSpot(TM) Client VM (24.51-b03) for windows-x86 JRE (1.7.0_51-b13), built on Dec 18 2013 19:09:58 by "java_re" with unknown MS VC++:1600

time: Fri Mar 20 10:42:01 2015
elapsed time: 964 seconds

